Time Taken for Preprocessing is: 1613 ms
LT CDDCAYVGLYQ XCOUGY ZGCSZ PVLFX W XCCA
tb unnumerated sunda'e taunt artus a suum
tb unnumerated sunda'e taunt artus i suum
tb unnumerated sunda'e taunt artus a suum
tb unnumerated sunda'e taunt artus i suum
tb unnumerated sunda'e taunt artas a suum
tb unnumerated sunda'e taunt artas i suum
tb unnumerated sunda'e taunt artas a suum
tb unnumerated sunda'e taunt artas i suum
tb unnumerated sunda'e haugh artus a suum
tb unnumerated sunda'e haugh artus i suum
tb unnumerated sunda'e haugh artus a suum
tb unnumerated sunda'e haugh artus i suum
tb unnumerated sunda'e haugh artas a suum
tb unnumerated sunda'e haugh artas i suum
tb unnumerated sunda'e haugh artas a suum
tb unnumerated sunda'e haugh artas i suum
td unnumerated suida'e taunt artus a suum
td unnumerated suida'e taunt artus i suum
td unnumerated suida'e taunt artus a suum
td unnumerated suida'e taunt artus i suum
td unnumerated suida'e taunt artas a suum
td unnumerated suida'e taunt artas i suum
td unnumerated suida'e taunt artas a suum
td unnumerated suida'e taunt artas i suum
td unnumerated suida'e haugh artus a suum
td unnumerated suida'e haugh artus i suum
td unnumerated suida'e haugh artus a suum
td unnumerated suida'e haugh artus i suum
td unnumerated suida'e haugh artas a suum
td unnumerated suida'e haugh artas i suum
td unnumerated suida'e haugh artas a suum
td unnumerated suida'e haugh artas i suum
tg unnumerated sunda'e taunt artus a suum
tg unnumerated sunda'e taunt artus i suum
tg unnumerated sunda'e taunt artus a suum
tg unnumerated sunda'e taunt artus i suum
tg unnumerated sunda'e taunt artas a suum
tg unnumerated sunda'e taunt artas i suum
tg unnumerated sunda'e taunt artas a suum
tg unnumerated sunda'e taunt artas i suum
tg unnumerated sunda'e haugh artus a suum
tg unnumerated sunda'e haugh artus i suum
tg unnumerated sunda'e haugh artus a suum
tg unnumerated sunda'e haugh artus i suum
tg unnumerated sunda'e haugh artas a suum
tg unnumerated sunda'e haugh artas i suum
tg unnumerated sunda'e haugh artas a suum
tg unnumerated sunda'e haugh artas i suum
ti unnumerated suida'e taunt artus a suum
ti unnumerated suida'e taunt artus i suum
ti unnumerated suida'e taunt artus a suum
ti unnumerated suida'e taunt artus i suum
ti unnumerated suida'e taunt artas a suum
ti unnumerated suida'e taunt artas i suum
ti unnumerated suida'e taunt artas a suum
ti unnumerated suida'e taunt artas i suum
ti unnumerated suida'e haugh artus a suum
ti unnumerated suida'e haugh artus i suum
ti unnumerated suida'e haugh artus a suum
ti unnumerated suida'e haugh artus i suum
ti unnumerated suida'e haugh artas a suum
ti unnumerated suida'e haugh artas i suum
ti unnumerated suida'e haugh artas a suum
ti unnumerated suida'e haugh artas i suum
tk unnumerated sunda'e taunt artus a suum
tk unnumerated sunda'e taunt artus i suum
tk unnumerated sunda'e taunt artus a suum
tk unnumerated sunda'e taunt artus i suum
tk unnumerated sunda'e taunt artas a suum
tk unnumerated sunda'e taunt artas i suum
tk unnumerated sunda'e taunt artas a suum
tk unnumerated sunda'e taunt artas i suum
tk unnumerated sunda'e haugh artus a suum
tk unnumerated sunda'e haugh artus i suum
tk unnumerated sunda'e haugh artus a suum
tk unnumerated sunda'e haugh artus i suum
tk unnumerated sunda'e haugh artas a suum
tk unnumerated sunda'e haugh artas i suum
tk unnumerated sunda'e haugh artas a suum
tk unnumerated sunda'e haugh artas i suum
tm unnumerated suida'e taunt artus a suum
tm unnumerated suida'e taunt artus i suum
tm unnumerated suida'e taunt artus a suum
tm unnumerated suida'e taunt artus i suum
tm unnumerated suida'e taunt artas a suum
tm unnumerated suida'e taunt artas i suum
tm unnumerated suida'e taunt artas a suum
tm unnumerated suida'e taunt artas i suum
tm unnumerated suida'e haugh artus a suum
tm unnumerated suida'e haugh artus i suum
tm unnumerated suida'e haugh artus a suum
tm unnumerated suida'e haugh artus i suum
tm unnumerated suida'e haugh artas a suum
tm unnumerated suida'e haugh artas i suum
tm unnumerated suida'e haugh artas a suum
tm unnumerated suida'e haugh artas i suum
to unnumerated sunda'e taunt artus a suum
to unnumerated sunda'e taunt artus i suum
to unnumerated sunda'e taunt artus a suum
to unnumerated sunda'e taunt artus i suum
to unnumerated sunda'e taunt artas a suum
to unnumerated sunda'e taunt artas i suum
to unnumerated sunda'e taunt artas a suum
to unnumerated sunda'e taunt artas i suum
to unnumerated sunda'e haugh artus a suum
to unnumerated sunda'e haugh artus i suum
to unnumerated sunda'e haugh artus a suum
to unnumerated sunda'e haugh artus i suum
to unnumerated sunda'e haugh artas a suum
to unnumerated sunda'e haugh artas i suum
to unnumerated sunda'e haugh artas a suum
to unnumerated sunda'e haugh artas i suum
tr unnumerated suida'e taunt artus a suum
tr unnumerated suida'e taunt artus i suum
tr unnumerated suida'e taunt artus a suum
tr unnumerated suida'e taunt artus i suum
tr unnumerated suida'e taunt artas a suum
tr unnumerated suida'e taunt artas i suum
tr unnumerated suida'e taunt artas a suum
tr unnumerated suida'e taunt artas i suum
tr unnumerated suida'e haugh artus a suum
tr unnumerated suida'e haugh artus i suum
tr unnumerated suida'e haugh artus a suum
tr unnumerated suida'e haugh artus i suum
tr unnumerated suida'e haugh artas a suum
tr unnumerated suida'e haugh artas i suum
tr unnumerated suida'e haugh artas a suum
tr unnumerated suida'e haugh artas i suum
tu unnumerated sunda'e taunt artus a suum
tu unnumerated sunda'e taunt artus i suum
tu unnumerated sunda'e taunt artus a suum
tu unnumerated sunda'e taunt artus i suum
tu unnumerated sunda'e taunt artas a suum
tu unnumerated sunda'e taunt artas i suum
tu unnumerated sunda'e taunt artas a suum
tu unnumerated sunda'e taunt artas i suum
tu unnumerated sunda'e haugh artus a suum
tu unnumerated sunda'e haugh artus i suum
tu unnumerated sunda'e haugh artus a suum
tu unnumerated sunda'e haugh artus i suum
tu unnumerated sunda'e haugh artas a suum
tu unnumerated sunda'e haugh artas i suum
tu unnumerated sunda'e haugh artas a suum
tu unnumerated sunda'e haugh artas i suum
tw unnumerated suida'e taunt artus a suum
tw unnumerated suida'e taunt artus i suum
tw unnumerated suida'e taunt artus a suum
tw unnumerated suida'e taunt artus i suum
tw unnumerated suida'e taunt artas a suum
tw unnumerated suida'e taunt artas i suum
tw unnumerated suida'e taunt artas a suum
tw unnumerated suida'e taunt artas i suum
tw unnumerated suida'e haugh artus a suum
tw unnumerated suida'e haugh artus i suum
tw unnumerated suida'e haugh artus a suum
tw unnumerated suida'e haugh artus i suum
tw unnumerated suida'e haugh artas a suum
tw unnumerated suida'e haugh artas i suum
tw unnumerated suida'e haugh artas a suum
tw unnumerated suida'e haugh artas i suum
